[DEBUG] 2018-11-28 13:11:05.348 [main] Main - Hello this is a debug message
[INFO ] 2018-11-28 13:11:05.349 [main] Main - Hello this is an info message
[DEBUG] 2018-11-28 13:12:14.792 [main] Main - Hello this is a debug message
[INFO ] 2018-11-28 13:12:14.793 [main] Main - Hello this is an info message
[DEBUG] 2018-11-28 13:14:05.585 [main] EjemploLog4j2 - Log level debug
[INFO ] 2018-11-28 13:14:05.586 [main] EjemploLog4j2 - Log level info
[WARN ] 2018-11-28 13:14:05.586 [main] EjemploLog4j2 - Log level warn
[ERROR] 2018-11-28 13:14:05.586 [main] EjemploLog4j2 - Log level error
[FATAL] 2018-11-28 13:14:05.587 [main] EjemploLog4j2 - Log level fatal
[DEBUG] 2018-11-28 13:16:56.924 [main] EjemploLog4j2 - Log level debug
[INFO ] 2018-11-28 13:16:56.938 [main] EjemploLog4j2 - Log level info
[WARN ] 2018-11-28 13:16:56.938 [main] EjemploLog4j2 - Log level warn
[ERROR] 2018-11-28 13:16:56.938 [main] EjemploLog4j2 - Log level error
[FATAL] 2018-11-28 13:16:56.939 [main] EjemploLog4j2 - Log level fatal
[INFO ] 2018-11-28 13:16:56.939 [main] EjemploLog4j2 - Mensaje con Info
[FATAL] 2018-11-28 13:16:56.939 [main] EjemploLog4j2 - Mensaje con Fatal
[WARN ] 2018-11-28 13:16:56.939 [main] EjemploLog4j2 - Mensaje con Warn
[ERROR] 2018-11-28 13:16:56.939 [main] EjemploLog4j2 - Mensaje con Error
[DEBUG] 2018-11-28 13:16:56.939 [main] EjemploLog4j2 - Mensaje con Debug
[DEBUG] 2018-11-28 13:18:31.174 [main] Main - Hello this is a debug message
[INFO ] 2018-11-28 13:18:31.174 [main] Main - Hello this is an info message
[DEBUG] 2018-11-28 13:18:48.351 [main] EjemploLog4j2 - Log level debug
[INFO ] 2018-11-28 13:18:48.352 [main] EjemploLog4j2 - Log level info
[WARN ] 2018-11-28 13:18:48.352 [main] EjemploLog4j2 - Log level warn
[ERROR] 2018-11-28 13:18:48.352 [main] EjemploLog4j2 - Log level error
[FATAL] 2018-11-28 13:18:48.352 [main] EjemploLog4j2 - Log level fatal
[INFO ] 2018-11-28 13:18:48.352 [main] EjemploLog4j2 - Mensaje con Info
[FATAL] 2018-11-28 13:18:48.352 [main] EjemploLog4j2 - Mensaje con Fatal
[WARN ] 2018-11-28 13:18:48.352 [main] EjemploLog4j2 - Mensaje con Warn
[ERROR] 2018-11-28 13:18:48.353 [main] EjemploLog4j2 - Mensaje con Error
[DEBUG] 2018-11-28 13:18:48.353 [main] EjemploLog4j2 - Mensaje con Debug
[DEBUG] 2018-11-28 13:19:42.258 [main] Main - Hello this is a debug message
[INFO ] 2018-11-28 13:19:42.259 [main] Main - Hello this is an info message
[DEBUG] 2018-11-28 13:20:44.468 [main] EjemploLog4j2 - Log level debug
[INFO ] 2018-11-28 13:20:44.469 [main] EjemploLog4j2 - Log level info
[WARN ] 2018-11-28 13:20:44.470 [main] EjemploLog4j2 - Log level warn
[ERROR] 2018-11-28 13:20:44.470 [main] EjemploLog4j2 - Log level error
[FATAL] 2018-11-28 13:20:44.470 [main] EjemploLog4j2 - Log level fatal
[INFO ] 2018-11-28 13:20:44.470 [main] EjemploLog4j2 - Mensaje con Info
[FATAL] 2018-11-28 13:20:44.470 [main] EjemploLog4j2 - Mensaje con Fatal
[WARN ] 2018-11-28 13:20:44.470 [main] EjemploLog4j2 - Mensaje con Warn
[ERROR] 2018-11-28 13:20:44.470 [main] EjemploLog4j2 - Mensaje con Error
[DEBUG] 2018-11-28 13:20:44.470 [main] EjemploLog4j2 - Mensaje con Debug
[DEBUG] 2018-11-28 13:31:53.311 [main] EjemploLog4j2 - Log level debug
[INFO ] 2018-11-28 13:31:53.312 [main] EjemploLog4j2 - Log level info
[WARN ] 2018-11-28 13:31:53.312 [main] EjemploLog4j2 - Log level warn
[ERROR] 2018-11-28 13:31:53.312 [main] EjemploLog4j2 - Log level error
[FATAL] 2018-11-28 13:31:53.312 [main] EjemploLog4j2 - Log level fatal
[INFO ] 2018-11-28 13:31:53.312 [main] EjemploLog4j2 - Mensaje con Info
[FATAL] 2018-11-28 13:31:53.313 [main] EjemploLog4j2 - Mensaje con Fatal
[WARN ] 2018-11-28 13:31:53.313 [main] EjemploLog4j2 - Mensaje con Warn
[ERROR] 2018-11-28 13:31:53.313 [main] EjemploLog4j2 - Mensaje con Error
[DEBUG] 2018-11-28 13:31:53.313 [main] EjemploLog4j2 - Mensaje con Debug
[INFO ] 2018-11-28 13:43:31.600 [main] TestLog4j - Mensaje con Info
[FATAL] 2018-11-28 13:43:31.601 [main] TestLog4j - Mensaje con Fatal
[WARN ] 2018-11-28 13:43:31.601 [main] TestLog4j - Mensaje con Warn
[ERROR] 2018-11-28 13:43:31.601 [main] TestLog4j - Mensaje con Error
[DEBUG] 2018-11-28 13:43:31.601 [main] TestLog4j - Mensaje con Debug
